<?xml version="1.0" encoding="UTF-8"?>
<!-- Generated by org.testng.reporters.JUnitXMLReporter -->
<testsuite hostname="Hemchand-PC" ignored="3" name="Test" tests="2" failures="0" timestamp="19 Nov 2017 20:40:49 GMT" time="0.053" errors="0">
  <testcase name="g" time="0.016" classname="TngJut.TngTest.Grouptestp_test"/>
  <testcase name="f2" time="0.002" classname="TngJut.TngTest.Grouptestp_test"/>
  <testcase name="f" time="0.0" classname="TngJut.TngTest.Grouptestp_test">
    <ignored/>
  </testcase> <!-- f -->
  <testcase name="f1" time="0.0" classname="TngJut.TngTest.Grouptestp_test">
    <ignored/>
  </testcase> <!-- f1 -->
  <testcase name="f3" time="0.0" classname="TngJut.TngTest.Grouptestp_test">
    <ignored/>
  </testcase> <!-- f3 -->
</testsuite> <!-- Test -->
