<?xml version="1.0" encoding="UTF-8"?>
<testng-results skipped="0" failed="0" ignored="0" total="1" passed="1">
  <reporter-output>
  </reporter-output>
  <suite name="Default suite" duration-ms="4669" started-at="2017-11-29T16:26:57Z" finished-at="2017-11-29T16:27:01Z">
    <groups>
    </groups>
    <test name="Default test" duration-ms="4669" started-at="2017-11-29T16:26:57Z" finished-at="2017-11-29T16:27:01Z">
      <class name="com.testhtml.pages.LoginPageTestSuite">
        <test-method status="PASS" signature="VerifytestForm()[pri:0, instance:com.testhtml.pages.LoginPageTestSuite@cc285f4]" name="VerifytestForm" duration-ms="4642" started-at="2017-11-29T11:26:57Z" finished-at="2017-11-29T11:27:01Z">
          <reporter-output>
          </reporter-output>
        </test-method> <!-- VerifytestForm -->
      </class> <!-- com.testhtml.pages.LoginPageTestSuite -->
    </test> <!-- Default test -->
  </suite> <!-- Default suite -->
</testng-results>
